Using pre-set license
Built from '2021.2/staging' branch; Version is '2021.2.14f1 (bcb93e5482d2) revision 12368190'; Using compiler version '192829333'; Build Type 'Release'
OS: 'Windows 10  (10.0.19043) 64bit Professional' Language: 'en' Physical Memory: 65359 MB
BatchMode: 1, IsHumanControllingUs: 0, StartBugReporterOnCrash: 0, Is64bit: 1, IsPro: 1

COMMAND LINE ARGUMENTS:
C:\Program Files\Unity\Hub\Editor\2021.2.14f1\Editor\Unity.exe
-adb2
-batchMode
-noUpm
-name
AssetImportWorker0
-projectPath
D:/GitHub/OpenCV_Unity_ObjectTracking/Unity3D
-logFile
Logs/AssetImportWorker0.log
-srvPort
50867
Successfully changed project path to: D:/GitHub/OpenCV_Unity_ObjectTracking/Unity3D
D:/GitHub/OpenCV_Unity_ObjectTracking/Unity3D
[UnityMemory] Configuration Parameters - Can be set up in boot.config
    "memorysetup-bucket-allocator-granularity=16"
    "memorysetup-bucket-allocator-bucket-count=8"
    "memorysetup-bucket-allocator-block-size=33554432"
    "memorysetup-bucket-allocator-block-count=8"
    "memorysetup-main-allocator-block-size=16777216"
    "memorysetup-thread-allocator-block-size=16777216"
    "memorysetup-gfx-main-allocator-block-size=16777216"
    "memorysetup-gfx-thread-allocator-block-size=16777216"
    "memorysetup-cache-allocator-block-size=4194304"
    "memorysetup-typetree-allocator-block-size=2097152"
    "memorysetup-profiler-bucket-allocator-granularity=16"
    "memorysetup-profiler-bucket-allocator-bucket-count=8"
    "memorysetup-profiler-bucket-allocator-block-size=33554432"
    "memorysetup-profiler-bucket-allocator-block-count=8"
    "memorysetup-profiler-allocator-block-size=16777216"
    "memorysetup-profiler-editor-allocator-block-size=1048576"
    "memorysetup-temp-allocator-size-main=16777216"
    "memorysetup-job-temp-allocator-block-size=2097152"
    "memorysetup-job-temp-allocator-block-size-background=1048576"
    "memorysetup-job-temp-allocator-reduction-small-platforms=262144"
    "memorysetup-temp-allocator-size-background-worker=32768"
    "memorysetup-temp-allocator-size-job-worker=262144"
    "memorysetup-temp-allocator-size-preload-manager=33554432"
    "memorysetup-temp-allocator-size-nav-mesh-worker=65536"
    "memorysetup-temp-allocator-size-audio-worker=65536"
    "memorysetup-temp-allocator-size-cloud-worker=32768"
    "memorysetup-temp-allocator-size-gi-baking-worker=262144"
    "memorysetup-temp-allocator-size-gfx=262144"
Refreshing native plugins compatible for Editor in 31.71 ms, found 2 plugins.
Preloading 0 native plugins for Editor in 0.00 ms.
Initialize engine version: 2021.2.14f1 (bcb93e5482d2)
[Subsystems] Discovering subsystems at path C:/Program Files/Unity/Hub/Editor/2021.2.14f1/Editor/Data/Resources/UnitySubsystems
[Subsystems] Discovering subsystems at path D:/GitHub/OpenCV_Unity_ObjectTracking/Unity3D/Assets
GfxDevice: creating device client; threaded=0; jobified=0
Direct3D:
    Version:  Direct3D 11.0 [level 11.1]
    Renderer: NVIDIA GeForce RTX 2080 SUPER (ID=0x1e81)
    Vendor:   NVIDIA
    VRAM:     8010 MB
    Driver:   30.0.14.9649
Initialize mono
Mono path[0] = 'C:/Program Files/Unity/Hub/Editor/2021.2.14f1/Editor/Data/Managed'
Mono path[1] = 'C:/Program Files/Unity/Hub/Editor/2021.2.14f1/Editor/Data/MonoBleedingEdge/lib/mono/unityjit-win32'
Mono config path = 'C:/Program Files/Unity/Hub/Editor/2021.2.14f1/Editor/Data/MonoBleedingEdge/etc'
Using monoOptions --debugger-agent=transport=dt_socket,embedding=1,server=y,suspend=n,address=127.0.0.1:56916
Begin MonoManager ReloadAssembly
Registering precompiled unity dll's ...
Register platform support module: C:/Program Files/Unity/Hub/Editor/2021.2.14f1/Editor/Data/PlaybackEngines/WebGLSupport/UnityEditor.WebGL.Extensions.dll
Register platform support module: C:/Program Files/Unity/Hub/Editor/2021.2.14f1/Editor/Data/PlaybackEngines/WindowsStandaloneSupport/UnityEditor.WindowsStandalone.Extensions.dll
Registered in 0.006437 seconds.
Native extension for WindowsStandalone target not found
Native extension for WebGL target not found
Refreshing native plugins compatible for Editor in 28.24 ms, found 2 plugins.
Preloading 0 native plugins for Editor in 0.00 ms.
Mono: successfully reloaded assembly
- Completed reload, in  0.532 seconds
Domain Reload Profiling:
	ReloadAssembly (532ms)
		BeginReloadAssembly (60ms)
			ExecutionOrderSort (0ms)
			DisableScriptedObjects (0ms)
			BackupInstance (0ms)
			ReleaseScriptingObjects (0ms)
			CreateAndSetChildDomain (1ms)
		EndReloadAssembly (373ms)
			LoadAssemblies (58ms)
			RebuildTransferFunctionScriptingTraits (0ms)
			SetupTypeCache (97ms)
			ReleaseScriptCaches (0ms)
			RebuildScriptCaches (23ms)
			SetupLoadedEditorAssemblies (209ms)
				LogAssemblyErrors (0ms)
				InitializePlatformSupportModulesInManaged (8ms)
				SetLoadedEditorAssemblies (0ms)
				RefreshPlugins (28ms)
				BeforeProcessingInitializeOnLoad (1ms)
				ProcessInitializeOnLoadAttributes (127ms)
				ProcessInitializeOnLoadMethodAttributes (44ms)
				AfterProcessingInitializeOnLoad (0ms)
				EditorAssembliesLoaded (0ms)
			ExecutionOrderSort2 (0ms)
			AwakeInstancesAfterBackupRestoration (0ms)
Platform modules already initialized, skipping
Registering precompiled user dll's ...
Registered in 0.002338 seconds.
Begin MonoManager ReloadAssembly
Native extension for WindowsStandalone target not found
Native extension for WebGL target not found
Refreshing native plugins compatible for Editor in 0.56 ms, found 2 plugins.
Preloading 0 native plugins for Editor in 0.00 ms.
Package Manager log level set to [2]
Mono: successfully reloaded assembly
- Completed reload, in  0.847 seconds
Domain Reload Profiling:
	ReloadAssembly (847ms)
		BeginReloadAssembly (93ms)
			ExecutionOrderSort (0ms)
			DisableScriptedObjects (5ms)
			BackupInstance (0ms)
			ReleaseScriptingObjects (0ms)
			CreateAndSetChildDomain (16ms)
		EndReloadAssembly (656ms)
			LoadAssemblies (61ms)
			RebuildTransferFunctionScriptingTraits (0ms)
			SetupTypeCache (153ms)
			ReleaseScriptCaches (0ms)
			RebuildScriptCaches (41ms)
			SetupLoadedEditorAssemblies (367ms)
				LogAssemblyErrors (0ms)
				InitializePlatformSupportModulesInManaged (7ms)
				SetLoadedEditorAssemblies (0ms)
				RefreshPlugins (1ms)
				BeforeProcessingInitializeOnLoad (53ms)
				ProcessInitializeOnLoadAttributes (184ms)
				ProcessInitializeOnLoadMethodAttributes (116ms)
				AfterProcessingInitializeOnLoad (6ms)
				EditorAssembliesLoaded (0ms)
			ExecutionOrderSort2 (0ms)
			AwakeInstancesAfterBackupRestoration (6ms)
Platform modules already initialized, skipping
========================================================================
Worker process is ready to serve import requests
Launched and connected shader compiler UnityShaderCompiler.exe after 0.06 seconds
Refreshing native plugins compatible for Editor in 0.56 ms, found 2 plugins.
Preloading 0 native plugins for Editor in 0.00 ms.
Unloading 2163 Unused Serialized files (Serialized files now loaded: 0)
Unloading 55 unused Assets / (57.1 KB). Loaded Objects now: 2602.
Memory consumption went from 85.6 MB to 85.5 MB.
Total: 5.190500 ms (FindLiveObjects: 0.198000 ms CreateObjectMapping: 0.120200 ms MarkObjects: 4.789900 ms  DeleteObjects: 0.081500 ms)

AssetImportParameters requested are different than current active one (requested -> active):
  custom:video-decoder-ogg-theora: a1e56fd34408186e4bbccfd4996cb3dc -> 
  custom:container-muxer-webm: aa71ff27fc2769a1b78a27578f13a17b -> 
  custom:container-demuxer-webm: 4f35f7cbe854078d1ac9338744f61a02 -> 
  custom:video-encoder-webm-vp8: eb34c28f22e8b96e1ab97ce403110664 -> 
  custom:video-codec-MediaFoundation-h265: 746d11721c4dcdbdad8f713fa42b33f4 -> 
  custom:audio-encoder-webm-vorbis: bf7c407c2cedff20999df2af8eb42d56 -> 
  custom:framework-win-MediaFoundation: 216162199b28c13a410421893ffa2e32 -> 
  custom:container-demuxer-ogg: 62fdf1f143b41e24485cea50d1cbac27 -> 
  custom:video-decoder-webm-vp8: 9c59270c3fd7afecdb556c50c9e8de78 -> 
  custom:audio-decoder-ogg-vorbis: bf7c407c2cedff20999df2af8eb42d56 -> 
========================================================================
Received Import Request.
  Time since last request: 1074.162809 seconds.
  path: Assets/Scenes
  artifactKey: Guid(d7fee40abc879e246ac0f5b732ac1b47) Importer(815301076,1909f56bfc062723c751e8b465ee728b)
Start importing Assets/Scenes using Guid(d7fee40abc879e246ac0f5b732ac1b47) Importer(815301076,1909f56bfc062723c751e8b465ee728b)  -> (artifact id: '2569cd454cac108c4db23a55036a8878') in 0.007939 seconds 
========================================================================
Received Import Request.
  Time since last request: 195.265508 seconds.
  path: Assets/FREE Food Pack
  artifactKey: Guid(655977aab2fcdae41a1b0e0c0bf2ff8d) Importer(815301076,1909f56bfc062723c751e8b465ee728b)
Start importing Assets/FREE Food Pack using Guid(655977aab2fcdae41a1b0e0c0bf2ff8d) Importer(815301076,1909f56bfc062723c751e8b465ee728b)  -> (artifact id: '97bc2d75ad882eb1234871bd7b3537f8') in 0.005169 seconds 
========================================================================
Received Import Request.
  Time since last request: 1.287578 seconds.
  path: Assets/FREE Food Pack/Mesh
  artifactKey: Guid(4a9263b0838c52a408806bafe3f0c486) Importer(815301076,1909f56bfc062723c751e8b465ee728b)
Start importing Assets/FREE Food Pack/Mesh using Guid(4a9263b0838c52a408806bafe3f0c486) Importer(815301076,1909f56bfc062723c751e8b465ee728b)  -> (artifact id: '1bbe8b0e526202514949f2f01c8b30eb') in 0.005777 seconds 
========================================================================
Received Import Request.
  Time since last request: 0.050216 seconds.
  path: Assets/FREE Food Pack/Mesh/Avocado.fbx
  artifactKey: Guid(a83ea36fea961a24f9d32eda0adb883d) Importer(815301076,1909f56bfc062723c751e8b465ee728b)
Start importing Assets/FREE Food Pack/Mesh/Avocado.fbx using Guid(a83ea36fea961a24f9d32eda0adb883d) Importer(815301076,1909f56bfc062723c751e8b465ee728b)  -> (artifact id: 'e917cc2df38247d9fee20e35a13b29ff') in 0.221731 seconds 
========================================================================
Received Import Request.
  Time since last request: 0.000018 seconds.
  path: Assets/FREE Food Pack/Mesh/Donut.fbx
  artifactKey: Guid(4526a86407f95894b9d00e13d5ebfc70) Importer(815301076,1909f56bfc062723c751e8b465ee728b)
Start importing Assets/FREE Food Pack/Mesh/Donut.fbx using Guid(4526a86407f95894b9d00e13d5ebfc70) Importer(815301076,1909f56bfc062723c751e8b465ee728b)  -> (artifact id: '185daf61fac5de03455f084e79e4f5a7') in 0.013155 seconds 
========================================================================
Received Import Request.
  Time since last request: 0.000032 seconds.
  path: Assets/FREE Food Pack/Mesh/Drink_01.fbx
  artifactKey: Guid(6931062aeecbb13438f7ad92ef798679) Importer(815301076,1909f56bfc062723c751e8b465ee728b)
Start importing Assets/FREE Food Pack/Mesh/Drink_01.fbx using Guid(6931062aeecbb13438f7ad92ef798679) Importer(815301076,1909f56bfc062723c751e8b465ee728b)  -> (artifact id: 'e72a94a173d9dbc50d341922a05fb219') in 0.012209 seconds 
========================================================================
Received Import Request.
  Time since last request: 0.000018 seconds.
  path: Assets/FREE Food Pack/Mesh/Muffin.fbx
  artifactKey: Guid(f2fa079d2ae9ea34c8c51bb4a4342e49) Importer(815301076,1909f56bfc062723c751e8b465ee728b)
Start importing Assets/FREE Food Pack/Mesh/Muffin.fbx using Guid(f2fa079d2ae9ea34c8c51bb4a4342e49) Importer(815301076,1909f56bfc062723c751e8b465ee728b)  -> (artifact id: '5927e6e91519c8039acb03121acd602b') in 0.012862 seconds 
========================================================================
Received Import Request.
  Time since last request: 0.000020 seconds.
  path: Assets/FREE Food Pack/Mesh/Pineapple.fbx
  artifactKey: Guid(82731c4f4b197fb49a6a473836aefbb7) Importer(815301076,1909f56bfc062723c751e8b465ee728b)
Start importing Assets/FREE Food Pack/Mesh/Pineapple.fbx using Guid(82731c4f4b197fb49a6a473836aefbb7) Importer(815301076,1909f56bfc062723c751e8b465ee728b)  -> (artifact id: '3b9084c194887a8d836f6bdeb8765e66') in 0.012427 seconds 
========================================================================
Received Import Request.
  Time since last request: 0.000017 seconds.
  path: Assets/FREE Food Pack/Mesh/Steak_Uncooked.fbx
  artifactKey: Guid(2ed673108d59e3b4b907947d50be6c49) Importer(815301076,1909f56bfc062723c751e8b465ee728b)
Start importing Assets/FREE Food Pack/Mesh/Steak_Uncooked.fbx using Guid(2ed673108d59e3b4b907947d50be6c49) Importer(815301076,1909f56bfc062723c751e8b465ee728b)  -> (artifact id: 'c16c68d39acca45d55856c40b1cdc71c') in 0.010547 seconds 
========================================================================
Received Import Request.
  Time since last request: 0.000017 seconds.
  path: Assets/FREE Food Pack/Mesh/Wine_Bottle.fbx
  artifactKey: Guid(6c7dbfd367d792747aa39a4afc52eb72) Importer(815301076,1909f56bfc062723c751e8b465ee728b)
Start importing Assets/FREE Food Pack/Mesh/Wine_Bottle.fbx using Guid(6c7dbfd367d792747aa39a4afc52eb72) Importer(815301076,1909f56bfc062723c751e8b465ee728b)  -> (artifact id: 'd335c4eb49bad6e5eb0b9e314f4b32f6') in 0.013185 seconds 
========================================================================
Received Import Request.
  Time since last request: 0.000018 seconds.
  path: Assets/FREE Food Pack/Mesh/Food_Presentation.FBX
  artifactKey: Guid(9c14cf33872586c47917fc3154b2e97d) Importer(815301076,1909f56bfc062723c751e8b465ee728b)
Start importing Assets/FREE Food Pack/Mesh/Food_Presentation.FBX using Guid(9c14cf33872586c47917fc3154b2e97d) Importer(815301076,1909f56bfc062723c751e8b465ee728b)  -> (artifact id: '9925cac7daa45b1e0778892d3d2c5ff8') in 0.023342 seconds 
========================================================================
Received Import Request.
  Time since last request: 0.000015 seconds.
  path: Assets/FREE Food Pack/Mesh/Chili.fbx
  artifactKey: Guid(b35c815c74fb6884f9bb74089e03072e) Importer(815301076,1909f56bfc062723c751e8b465ee728b)
Start importing Assets/FREE Food Pack/Mesh/Chili.fbx using Guid(b35c815c74fb6884f9bb74089e03072e) Importer(815301076,1909f56bfc062723c751e8b465ee728b)  -> (artifact id: 'a946aadd77f10e118d4fa19afa47f855') in 0.013089 seconds 
========================================================================
Received Import Request.
  Time since last request: 0.000014 seconds.
  path: Assets/FREE Food Pack/Mesh/Shrimp.fbx
  artifactKey: Guid(30b91b8141924d544a4cc52310773348) Importer(815301076,1909f56bfc062723c751e8b465ee728b)
Start importing Assets/FREE Food Pack/Mesh/Shrimp.fbx using Guid(30b91b8141924d544a4cc52310773348) Importer(815301076,1909f56bfc062723c751e8b465ee728b)  -> (artifact id: 'e7fcfa7e925ae663dc1f5a014d6bd5d9') in 0.011351 seconds 
========================================================================
Received Import Request.
  Time since last request: 0.000016 seconds.
  path: Assets/FREE Food Pack/Mesh/Cheese_02.fbx
  artifactKey: Guid(a65bc41f54f5afb478ec22c22d371692) Importer(815301076,1909f56bfc062723c751e8b465ee728b)
Start importing Assets/FREE Food Pack/Mesh/Cheese_02.fbx using Guid(a65bc41f54f5afb478ec22c22d371692) Importer(815301076,1909f56bfc062723c751e8b465ee728b)  -> (artifact id: '00290a8e3b32268d1e6b8a48c0a721fb') in 0.036254 seconds 
========================================================================
Received Import Request.
  Time since last request: 0.000017 seconds.
  path: Assets/FREE Food Pack/Mesh/Drink_02.fbx
  artifactKey: Guid(e5243630032651f4595e873c112cb51c) Importer(815301076,1909f56bfc062723c751e8b465ee728b)
Start importing Assets/FREE Food Pack/Mesh/Drink_02.fbx using Guid(e5243630032651f4595e873c112cb51c) Importer(815301076,1909f56bfc062723c751e8b465ee728b)  -> (artifact id: 'c64e1403c1279510605a281dd1db09d8') in 0.011531 seconds 
========================================================================
Received Import Request.
  Time since last request: 0.000017 seconds.
  path: Assets/FREE Food Pack/Mesh/Mushroom.fbx
  artifactKey: Guid(f146753048df47a489d094c6e46d0a00) Importer(815301076,1909f56bfc062723c751e8b465ee728b)
Start importing Assets/FREE Food Pack/Mesh/Mushroom.fbx using Guid(f146753048df47a489d094c6e46d0a00) Importer(815301076,1909f56bfc062723c751e8b465ee728b)  -> (artifact id: '160956e3c1eb9fad511fdc2390fcb107') in 0.014490 seconds 
========================================================================
Received Import Request.
  Time since last request: 0.000021 seconds.
  path: Assets/FREE Food Pack/Mesh/MeatBall.fbx
  artifactKey: Guid(cb33945c7cbf90b4fbf289dea2b12567) Importer(815301076,1909f56bfc062723c751e8b465ee728b)
Start importing Assets/FREE Food Pack/Mesh/MeatBall.fbx using Guid(cb33945c7cbf90b4fbf289dea2b12567) Importer(815301076,1909f56bfc062723c751e8b465ee728b)  -> (artifact id: 'ee52c55843bf9a4752f2c62910aa4381') in 0.012731 seconds 
========================================================================
Received Import Request.
  Time since last request: 0.000027 seconds.
  path: Assets/FREE Food Pack/Mesh/Fries.fbx
  artifactKey: Guid(fec7842a9c7504f4c946eb24e095d9f9) Importer(815301076,1909f56bfc062723c751e8b465ee728b)
Start importing Assets/FREE Food Pack/Mesh/Fries.fbx using Guid(fec7842a9c7504f4c946eb24e095d9f9) Importer(815301076,1909f56bfc062723c751e8b465ee728b)  -> (artifact id: '6c220e9323997af4c3c76d803e1c8d84') in 0.011910 seconds 
========================================================================
Received Import Request.
  Time since last request: 0.000015 seconds.
  path: Assets/FREE Food Pack/Mesh/Tomato.fbx
  artifactKey: Guid(b3eeac06e2127d64a98cfe86b50eeda8) Importer(815301076,1909f56bfc062723c751e8b465ee728b)
Start importing Assets/FREE Food Pack/Mesh/Tomato.fbx using Guid(b3eeac06e2127d64a98cfe86b50eeda8) Importer(815301076,1909f56bfc062723c751e8b465ee728b)  -> (artifact id: '181715ba69c56fa9f1bec648d74b500c') in 0.012044 seconds 
========================================================================
Received Import Request.
  Time since last request: 0.000018 seconds.
  path: Assets/FREE Food Pack/Mesh/Chips_Bag.fbx
  artifactKey: Guid(e3ff11dbbe2447f4390e781a3033d688) Importer(815301076,1909f56bfc062723c751e8b465ee728b)
Start importing Assets/FREE Food Pack/Mesh/Chips_Bag.fbx using Guid(e3ff11dbbe2447f4390e781a3033d688) Importer(815301076,1909f56bfc062723c751e8b465ee728b)  -> (artifact id: '4cbdac893ded3cb785fd7ec31d97019a') in 0.011867 seconds 
========================================================================
Received Import Request.
  Time since last request: 0.000024 seconds.
  path: Assets/FREE Food Pack/Mesh/Drink_03.fbx
  artifactKey: Guid(014209c3bbf18fc4fbeb84f674afe82c) Importer(815301076,1909f56bfc062723c751e8b465ee728b)
Start importing Assets/FREE Food Pack/Mesh/Drink_03.fbx using Guid(014209c3bbf18fc4fbeb84f674afe82c) Importer(815301076,1909f56bfc062723c751e8b465ee728b)  -> (artifact id: 'f45e7cf50f80451db045b325d1c9b58e') in 0.011279 seconds 
========================================================================
Received Import Request.
  Time since last request: 0.000018 seconds.
  path: Assets/FREE Food Pack/Mesh/Onion.fbx
  artifactKey: Guid(56be052822e0d8d459a1d331a09d5f8a) Importer(815301076,1909f56bfc062723c751e8b465ee728b)
Start importing Assets/FREE Food Pack/Mesh/Onion.fbx using Guid(56be052822e0d8d459a1d331a09d5f8a) Importer(815301076,1909f56bfc062723c751e8b465ee728b)  -> (artifact id: 'f40a90bb58dbc4792fc07ce511c6c3d7') in 0.011638 seconds 
========================================================================
Received Import Request.
  Time since last request: 0.000020 seconds.
  path: Assets/FREE Food Pack/Mesh/Sausage.fbx
  artifactKey: Guid(d769a7102b90c5645a6dfa3efaeafcbb) Importer(815301076,1909f56bfc062723c751e8b465ee728b)
Start importing Assets/FREE Food Pack/Mesh/Sausage.fbx using Guid(d769a7102b90c5645a6dfa3efaeafcbb) Importer(815301076,1909f56bfc062723c751e8b465ee728b)  -> (artifact id: '28655a43c9c17e271af75dcffef55cfa') in 0.012626 seconds 
========================================================================
Received Import Request.
  Time since last request: 0.000019 seconds.
  path: Assets/FREE Food Pack/Mesh/Bread.fbx
  artifactKey: Guid(4003a6e41cba6ab4fbe00f575654cdb1) Importer(815301076,1909f56bfc062723c751e8b465ee728b)
Start importing Assets/FREE Food Pack/Mesh/Bread.fbx using Guid(4003a6e41cba6ab4fbe00f575654cdb1) Importer(815301076,1909f56bfc062723c751e8b465ee728b)  -> (artifact id: '5034f55064af01e664e4871eb8a1092f') in 0.013175 seconds 
========================================================================
Received Import Request.
  Time since last request: 0.000019 seconds.
  path: Assets/FREE Food Pack/Mesh/Sushi.fbx
  artifactKey: Guid(901cc454df4ad724a93940db09be892e) Importer(815301076,1909f56bfc062723c751e8b465ee728b)
Start importing Assets/FREE Food Pack/Mesh/Sushi.fbx using Guid(901cc454df4ad724a93940db09be892e) Importer(815301076,1909f56bfc062723c751e8b465ee728b)  -> (artifact id: '9922b76ace2078b78fe44083b417734a') in 0.011544 seconds 
========================================================================
Received Import Request.
  Time since last request: 0.000018 seconds.
  path: Assets/FREE Food Pack/Mesh/Croissant.fbx
  artifactKey: Guid(de7b8a9948f1666449e3f75a1abb6f69) Importer(815301076,1909f56bfc062723c751e8b465ee728b)
Start importing Assets/FREE Food Pack/Mesh/Croissant.fbx using Guid(de7b8a9948f1666449e3f75a1abb6f69) Importer(815301076,1909f56bfc062723c751e8b465ee728b)  -> (artifact id: 'd8903e2ffcfb2e3c08dec343d2636975') in 0.012042 seconds 
========================================================================
Received Import Request.
  Time since last request: 0.000017 seconds.
  path: Assets/FREE Food Pack/Mesh/Pepper.fbx
  artifactKey: Guid(6683a92d5ef9b8449a238c88b8f49b2d) Importer(815301076,1909f56bfc062723c751e8b465ee728b)
Start importing Assets/FREE Food Pack/Mesh/Pepper.fbx using Guid(6683a92d5ef9b8449a238c88b8f49b2d) Importer(815301076,1909f56bfc062723c751e8b465ee728b)  -> (artifact id: '7493ba55bce100a9f70ae70672da76fd') in 0.011790 seconds 
========================================================================
Received Import Request.
  Time since last request: 39.837757 seconds.
  path: Assets/FREE Food Pack/Materials/Food_Fresnel.mat
  artifactKey: Guid(dd4330fb196ead84ea9d14e6bbbe8ed5) Importer(815301076,1909f56bfc062723c751e8b465ee728b)
Start importing Assets/FREE Food Pack/Materials/Food_Fresnel.mat using Guid(dd4330fb196ead84ea9d14e6bbbe8ed5) Importer(815301076,1909f56bfc062723c751e8b465ee728b)  -> (artifact id: 'e86c37ee2ff1488c8e261a266d8de73a') in 0.071058 seconds 
========================================================================
Received Prepare
Registering precompiled user dll's ...
Registered in 0.001651 seconds.
Begin MonoManager ReloadAssembly
Native extension for WindowsStandalone target not found
Native extension for WebGL target not found
Refreshing native plugins compatible for Editor in 0.52 ms, found 2 plugins.
Preloading 0 native plugins for Editor in 0.00 ms.
Mono: successfully reloaded assembly
- Completed reload, in  0.838 seconds
Domain Reload Profiling:
	ReloadAssembly (838ms)
		BeginReloadAssembly (114ms)
			ExecutionOrderSort (0ms)
			DisableScriptedObjects (5ms)
			BackupInstance (0ms)
			ReleaseScriptingObjects (0ms)
			CreateAndSetChildDomain (28ms)
		EndReloadAssembly (646ms)
			LoadAssemblies (61ms)
			RebuildTransferFunctionScriptingTraits (0ms)
			SetupTypeCache (149ms)
			ReleaseScriptCaches (1ms)
			RebuildScriptCaches (38ms)
			SetupLoadedEditorAssemblies (363ms)
				LogAssemblyErrors (0ms)
				InitializePlatformSupportModulesInManaged (12ms)
				SetLoadedEditorAssemblies (0ms)
				RefreshPlugins (1ms)
				BeforeProcessingInitializeOnLoad (53ms)
				ProcessInitializeOnLoadAttributes (175ms)
				ProcessInitializeOnLoadMethodAttributes (113ms)
				AfterProcessingInitializeOnLoad (8ms)
				EditorAssembliesLoaded (0ms)
			ExecutionOrderSort2 (0ms)
			AwakeInstancesAfterBackupRestoration (8ms)
Platform modules already initialized, skipping
Refreshing native plugins compatible for Editor in 2.36 ms, found 2 plugins.
Preloading 0 native plugins for Editor in 0.00 ms.
Unloading 2159 Unused Serialized files (Serialized files now loaded: 0)
Unloading 44 unused Assets / (32.8 KB). Loaded Objects now: 2648.
Memory consumption went from 90.2 MB to 90.1 MB.
Total: 4.686400 ms (FindLiveObjects: 0.157300 ms CreateObjectMapping: 0.063900 ms MarkObjects: 4.441900 ms  DeleteObjects: 0.022600 ms)

AssetImportParameters requested are different than current active one (requested -> active):
  custom:video-decoder-ogg-theora: a1e56fd34408186e4bbccfd4996cb3dc -> 
  custom:container-muxer-webm: aa71ff27fc2769a1b78a27578f13a17b -> 
  custom:container-demuxer-webm: 4f35f7cbe854078d1ac9338744f61a02 -> 
  custom:video-encoder-webm-vp8: eb34c28f22e8b96e1ab97ce403110664 -> 
  custom:video-codec-MediaFoundation-h265: 746d11721c4dcdbdad8f713fa42b33f4 -> 
  custom:audio-encoder-webm-vorbis: bf7c407c2cedff20999df2af8eb42d56 -> 
  custom:framework-win-MediaFoundation: 216162199b28c13a410421893ffa2e32 -> 
  custom:container-demuxer-ogg: 62fdf1f143b41e24485cea50d1cbac27 -> 
  custom:video-decoder-webm-vp8: 9c59270c3fd7afecdb556c50c9e8de78 -> 
  custom:audio-decoder-ogg-vorbis: bf7c407c2cedff20999df2af8eb42d56 -> 
========================================================================
Received Import Request.
  Time since last request: 91.016367 seconds.
  path: Assets/Cube.prefab
  artifactKey: Guid(55d5abedff2173d4dbf53f554bf99b8b) Importer(815301076,1909f56bfc062723c751e8b465ee728b)
Start importing Assets/Cube.prefab using Guid(55d5abedff2173d4dbf53f554bf99b8b) Importer(815301076,1909f56bfc062723c751e8b465ee728b)  -> (artifact id: '09bdbb1d002b5a476bee671fe2d8748a') in 0.057566 seconds 
========================================================================
Received Import Request.
  Time since last request: 0.000012 seconds.
  path: Assets/Food_Fresnel.mat
  artifactKey: Guid(65247096d6a8c9447a4d1921250d6bc5) Importer(815301076,1909f56bfc062723c751e8b465ee728b)
Start importing Assets/Food_Fresnel.mat using Guid(65247096d6a8c9447a4d1921250d6bc5) Importer(815301076,1909f56bfc062723c751e8b465ee728b)  -> (artifact id: '3c866bdebda98921ae032fb595a3c1d1') in 0.018141 seconds 
========================================================================
Received Import Request.
  Time since last request: 85.789681 seconds.
  path: Packages/com.unity.purchasing/Icons/LinkWhite.png
  artifactKey: Guid(e679a29ca22bc4fa0bd848bd79a42b79) Importer(815301076,1909f56bfc062723c751e8b465ee728b)
Start importing Packages/com.unity.purchasing/Icons/LinkWhite.png using Guid(e679a29ca22bc4fa0bd848bd79a42b79) Importer(815301076,1909f56bfc062723c751e8b465ee728b)  -> (artifact id: 'eafd5d1ec95af85e290136dfcdcb1afc') in 0.053958 seconds 
========================================================================
Received Prepare
Registering precompiled user dll's ...
Registered in 0.001618 seconds.
Begin MonoManager ReloadAssembly
Native extension for WindowsStandalone target not found
Native extension for WebGL target not found
Refreshing native plugins compatible for Editor in 0.63 ms, found 2 plugins.
Preloading 0 native plugins for Editor in 0.00 ms.
Mono: successfully reloaded assembly
- Completed reload, in  0.807 seconds
Domain Reload Profiling:
	ReloadAssembly (808ms)
		BeginReloadAssembly (102ms)
			ExecutionOrderSort (0ms)
			DisableScriptedObjects (5ms)
			BackupInstance (0ms)
			ReleaseScriptingObjects (0ms)
			CreateAndSetChildDomain (28ms)
		EndReloadAssembly (619ms)
			LoadAssemblies (56ms)
			RebuildTransferFunctionScriptingTraits (0ms)
			SetupTypeCache (141ms)
			ReleaseScriptCaches (1ms)
			RebuildScriptCaches (39ms)
			SetupLoadedEditorAssemblies (350ms)
				LogAssemblyErrors (0ms)
				InitializePlatformSupportModulesInManaged (11ms)
				SetLoadedEditorAssemblies (0ms)
				RefreshPlugins (1ms)
				BeforeProcessingInitializeOnLoad (51ms)
				ProcessInitializeOnLoadAttributes (166ms)
				ProcessInitializeOnLoadMethodAttributes (114ms)
				AfterProcessingInitializeOnLoad (6ms)
				EditorAssembliesLoaded (0ms)
			ExecutionOrderSort2 (0ms)
			AwakeInstancesAfterBackupRestoration (6ms)
Platform modules already initialized, skipping
Refreshing native plugins compatible for Editor in 2.33 ms, found 2 plugins.
Preloading 0 native plugins for Editor in 0.00 ms.
Unloading 2158 Unused Serialized files (Serialized files now loaded: 0)
Unloading 44 unused Assets / (32.8 KB). Loaded Objects now: 2652.
Memory consumption went from 90.0 MB to 89.9 MB.
Total: 4.423700 ms (FindLiveObjects: 0.158300 ms CreateObjectMapping: 0.071600 ms MarkObjects: 4.174500 ms  DeleteObjects: 0.018600 ms)

AssetImportParameters requested are different than current active one (requested -> active):
  custom:video-decoder-ogg-theora: a1e56fd34408186e4bbccfd4996cb3dc -> 
  custom:container-muxer-webm: aa71ff27fc2769a1b78a27578f13a17b -> 
  custom:container-demuxer-webm: 4f35f7cbe854078d1ac9338744f61a02 -> 
  custom:video-encoder-webm-vp8: eb34c28f22e8b96e1ab97ce403110664 -> 
  custom:video-codec-MediaFoundation-h265: 746d11721c4dcdbdad8f713fa42b33f4 -> 
  custom:audio-encoder-webm-vorbis: bf7c407c2cedff20999df2af8eb42d56 -> 
  custom:framework-win-MediaFoundation: 216162199b28c13a410421893ffa2e32 -> 
  custom:container-demuxer-ogg: 62fdf1f143b41e24485cea50d1cbac27 -> 
  custom:video-decoder-webm-vp8: 9c59270c3fd7afecdb556c50c9e8de78 -> 
  custom:audio-decoder-ogg-vorbis: bf7c407c2cedff20999df2af8eb42d56 -> 
========================================================================
Received Prepare
Registering precompiled user dll's ...
Registered in 0.001549 seconds.
Begin MonoManager ReloadAssembly
Native extension for WindowsStandalone target not found
Native extension for WebGL target not found
Refreshing native plugins compatible for Editor in 0.52 ms, found 2 plugins.
Preloading 0 native plugins for Editor in 0.00 ms.
Mono: successfully reloaded assembly
- Completed reload, in  0.823 seconds
Domain Reload Profiling:
	ReloadAssembly (823ms)
		BeginReloadAssembly (103ms)
			ExecutionOrderSort (0ms)
			DisableScriptedObjects (6ms)
			BackupInstance (0ms)
			ReleaseScriptingObjects (0ms)
			CreateAndSetChildDomain (26ms)
		EndReloadAssembly (641ms)
			LoadAssemblies (57ms)
			RebuildTransferFunctionScriptingTraits (0ms)
			SetupTypeCache (146ms)
			ReleaseScriptCaches (1ms)
			RebuildScriptCaches (38ms)
			SetupLoadedEditorAssemblies (358ms)
				LogAssemblyErrors (0ms)
				InitializePlatformSupportModulesInManaged (11ms)
				SetLoadedEditorAssemblies (0ms)
				RefreshPlugins (1ms)
				BeforeProcessingInitializeOnLoad (53ms)
				ProcessInitializeOnLoadAttributes (173ms)
				ProcessInitializeOnLoadMethodAttributes (114ms)
				AfterProcessingInitializeOnLoad (6ms)
				EditorAssembliesLoaded (0ms)
			ExecutionOrderSort2 (0ms)
			AwakeInstancesAfterBackupRestoration (6ms)
Platform modules already initialized, skipping
Refreshing native plugins compatible for Editor in 2.38 ms, found 2 plugins.
Preloading 0 native plugins for Editor in 0.00 ms.
Unloading 2158 Unused Serialized files (Serialized files now loaded: 0)
Unloading 44 unused Assets / (32.8 KB). Loaded Objects now: 2654.
Memory consumption went from 90.0 MB to 89.9 MB.
Total: 4.620500 ms (FindLiveObjects: 0.164700 ms CreateObjectMapping: 0.090600 ms MarkObjects: 4.343300 ms  DeleteObjects: 0.021200 ms)

AssetImportParameters requested are different than current active one (requested -> active):
  custom:video-decoder-ogg-theora: a1e56fd34408186e4bbccfd4996cb3dc -> 
  custom:container-muxer-webm: aa71ff27fc2769a1b78a27578f13a17b -> 
  custom:container-demuxer-webm: 4f35f7cbe854078d1ac9338744f61a02 -> 
  custom:video-encoder-webm-vp8: eb34c28f22e8b96e1ab97ce403110664 -> 
  custom:video-codec-MediaFoundation-h265: 746d11721c4dcdbdad8f713fa42b33f4 -> 
  custom:audio-encoder-webm-vorbis: bf7c407c2cedff20999df2af8eb42d56 -> 
  custom:framework-win-MediaFoundation: 216162199b28c13a410421893ffa2e32 -> 
  custom:container-demuxer-ogg: 62fdf1f143b41e24485cea50d1cbac27 -> 
  custom:video-decoder-webm-vp8: 9c59270c3fd7afecdb556c50c9e8de78 -> 
  custom:audio-decoder-ogg-vorbis: bf7c407c2cedff20999df2af8eb42d56 -> 
========================================================================
Received Import Request.
  Time since last request: 377.395536 seconds.
  path: Assets/Fall_Material.mat
  artifactKey: Guid(9d24573c1ae151d40ba94de980e04c36) Importer(815301076,1909f56bfc062723c751e8b465ee728b)
Start importing Assets/Fall_Material.mat using Guid(9d24573c1ae151d40ba94de980e04c36) Importer(815301076,1909f56bfc062723c751e8b465ee728b)  -> (artifact id: '59fcd2b06ec9a1496cdba0fc63295e3b') in 0.059825 seconds 
========================================================================
Received Import Request.
  Time since last request: 16.470381 seconds.
  path: Assets/Free Stylized Skybox/CubeMap/Materials/Sky_Anime_11_morning_a.mat
  artifactKey: Guid(8162517b6ec2309499f99e303b29f146) Importer(815301076,1909f56bfc062723c751e8b465ee728b)
Start importing Assets/Free Stylized Skybox/CubeMap/Materials/Sky_Anime_11_morning_a.mat using Guid(8162517b6ec2309499f99e303b29f146) Importer(815301076,1909f56bfc062723c751e8b465ee728b)  -> (artifact id: '5179ce2236dcd3923c36597cf31c2484') in 0.293411 seconds 
========================================================================
Received Import Request.
  Time since last request: 0.000018 seconds.
  path: Assets/Free Stylized Skybox/CubeMap/Materials/Sky_LowPoly_02_Night_a.mat
  artifactKey: Guid(c1c961cbd00909b45b34d97fd7df5cbf) Importer(815301076,1909f56bfc062723c751e8b465ee728b)
Start importing Assets/Free Stylized Skybox/CubeMap/Materials/Sky_LowPoly_02_Night_a.mat using Guid(c1c961cbd00909b45b34d97fd7df5cbf) Importer(815301076,1909f56bfc062723c751e8b465ee728b)  -> (artifact id: 'a1290806bf44cf02eb258ed756c27c0c') in 0.775503 seconds 
========================================================================
Received Import Request.
  Time since last request: 0.000020 seconds.
  path: Assets/Free Stylized Skybox/CubeMap/Materials/Sky_Anime_18_day_a.mat
  artifactKey: Guid(b2f1a98efccfb644f8e084200a249527) Importer(815301076,1909f56bfc062723c751e8b465ee728b)
Start importing Assets/Free Stylized Skybox/CubeMap/Materials/Sky_Anime_18_day_a.mat using Guid(b2f1a98efccfb644f8e084200a249527) Importer(815301076,1909f56bfc062723c751e8b465ee728b)  -> (artifact id: 'bb790f3df7a7b9e1dece23806301658a') in 0.145540 seconds 
========================================================================
Received Import Request.
  Time since last request: 416.419633 seconds.
  path: Assets/Stylized Grass Texture/Materials/Stylize_Grass_diffuse.mat
  artifactKey: Guid(516e6f11e8de6624eb6be4bac8c14555) Importer(815301076,1909f56bfc062723c751e8b465ee728b)
Start importing Assets/Stylized Grass Texture/Materials/Stylize_Grass_diffuse.mat using Guid(516e6f11e8de6624eb6be4bac8c14555) Importer(815301076,1909f56bfc062723c751e8b465ee728b)  -> (artifact id: 'a7e42b38b0a9ddf2d1feda16bad4c2db') in 0.108514 seconds 
========================================================================
Received Prepare
Registering precompiled user dll's ...
Registered in 0.001556 seconds.
Begin MonoManager ReloadAssembly
Native extension for WindowsStandalone target not found
Native extension for WebGL target not found
Refreshing native plugins compatible for Editor in 0.55 ms, found 2 plugins.
Preloading 0 native plugins for Editor in 0.00 ms.
Mono: successfully reloaded assembly
- Completed reload, in  0.828 seconds
Domain Reload Profiling:
	ReloadAssembly (829ms)
		BeginReloadAssembly (102ms)
			ExecutionOrderSort (0ms)
			DisableScriptedObjects (5ms)
			BackupInstance (0ms)
			ReleaseScriptingObjects (0ms)
			CreateAndSetChildDomain (27ms)
		EndReloadAssembly (638ms)
			LoadAssemblies (57ms)
			RebuildTransferFunctionScriptingTraits (0ms)
			SetupTypeCache (146ms)
			ReleaseScriptCaches (1ms)
			RebuildScriptCaches (44ms)
			SetupLoadedEditorAssemblies (358ms)
				LogAssemblyErrors (0ms)
				InitializePlatformSupportModulesInManaged (12ms)
				SetLoadedEditorAssemblies (0ms)
				RefreshPlugins (1ms)
				BeforeProcessingInitializeOnLoad (51ms)
				ProcessInitializeOnLoadAttributes (170ms)
				ProcessInitializeOnLoadMethodAttributes (118ms)
				AfterProcessingInitializeOnLoad (6ms)
				EditorAssembliesLoaded (0ms)
			ExecutionOrderSort2 (0ms)
			AwakeInstancesAfterBackupRestoration (6ms)
Platform modules already initialized, skipping
Refreshing native plugins compatible for Editor in 2.48 ms, found 2 plugins.
Preloading 0 native plugins for Editor in 0.00 ms.
Unloading 2158 Unused Serialized files (Serialized files now loaded: 0)
Unloading 44 unused Assets / (32.8 KB). Loaded Objects now: 2659.
Memory consumption went from 90.4 MB to 90.3 MB.
Total: 4.906000 ms (FindLiveObjects: 0.216900 ms CreateObjectMapping: 0.108500 ms MarkObjects: 4.555400 ms  DeleteObjects: 0.024300 ms)

AssetImportParameters requested are different than current active one (requested -> active):
  custom:video-decoder-ogg-theora: a1e56fd34408186e4bbccfd4996cb3dc -> 
  custom:container-muxer-webm: aa71ff27fc2769a1b78a27578f13a17b -> 
  custom:container-demuxer-webm: 4f35f7cbe854078d1ac9338744f61a02 -> 
  custom:video-encoder-webm-vp8: eb34c28f22e8b96e1ab97ce403110664 -> 
  custom:video-codec-MediaFoundation-h265: 746d11721c4dcdbdad8f713fa42b33f4 -> 
  custom:audio-encoder-webm-vorbis: bf7c407c2cedff20999df2af8eb42d56 -> 
  custom:framework-win-MediaFoundation: 216162199b28c13a410421893ffa2e32 -> 
  custom:container-demuxer-ogg: 62fdf1f143b41e24485cea50d1cbac27 -> 
  custom:video-decoder-webm-vp8: 9c59270c3fd7afecdb556c50c9e8de78 -> 
  custom:audio-decoder-ogg-vorbis: bf7c407c2cedff20999df2af8eb42d56 -> 
========================================================================
Received Prepare
Registering precompiled user dll's ...
Registered in 0.001608 seconds.
Begin MonoManager ReloadAssembly
Native extension for WindowsStandalone target not found
Native extension for WebGL target not found
Refreshing native plugins compatible for Editor in 0.52 ms, found 2 plugins.
Preloading 0 native plugins for Editor in 0.00 ms.
Mono: successfully reloaded assembly
- Completed reload, in  0.823 seconds
Domain Reload Profiling:
	ReloadAssembly (824ms)
		BeginReloadAssembly (108ms)
			ExecutionOrderSort (0ms)
			DisableScriptedObjects (6ms)
			BackupInstance (0ms)
			ReleaseScriptingObjects (0ms)
			CreateAndSetChildDomain (30ms)
		EndReloadAssembly (640ms)
			LoadAssemblies (60ms)
			RebuildTransferFunctionScriptingTraits (0ms)
			SetupTypeCache (140ms)
			ReleaseScriptCaches (1ms)
			RebuildScriptCaches (40ms)
			SetupLoadedEditorAssemblies (367ms)
				LogAssemblyErrors (0ms)
				InitializePlatformSupportModulesInManaged (12ms)
				SetLoadedEditorAssemblies (0ms)
				RefreshPlugins (1ms)
				BeforeProcessingInitializeOnLoad (52ms)
				ProcessInitializeOnLoadAttributes (172ms)
				ProcessInitializeOnLoadMethodAttributes (121ms)
				AfterProcessingInitializeOnLoad (9ms)
				EditorAssembliesLoaded (0ms)
			ExecutionOrderSort2 (0ms)
			AwakeInstancesAfterBackupRestoration (8ms)
Platform modules already initialized, skipping
Refreshing native plugins compatible for Editor in 2.30 ms, found 2 plugins.
Preloading 0 native plugins for Editor in 0.00 ms.
Unloading 2158 Unused Serialized files (Serialized files now loaded: 0)
Unloading 44 unused Assets / (32.8 KB). Loaded Objects now: 2661.
Memory consumption went from 90.3 MB to 90.3 MB.
Total: 4.680600 ms (FindLiveObjects: 0.156400 ms CreateObjectMapping: 0.072600 ms MarkObjects: 4.427000 ms  DeleteObjects: 0.024000 ms)

AssetImportParameters requested are different than current active one (requested -> active):
  custom:video-decoder-ogg-theora: a1e56fd34408186e4bbccfd4996cb3dc -> 
  custom:container-muxer-webm: aa71ff27fc2769a1b78a27578f13a17b -> 
  custom:container-demuxer-webm: 4f35f7cbe854078d1ac9338744f61a02 -> 
  custom:video-encoder-webm-vp8: eb34c28f22e8b96e1ab97ce403110664 -> 
  custom:video-codec-MediaFoundation-h265: 746d11721c4dcdbdad8f713fa42b33f4 -> 
  custom:audio-encoder-webm-vorbis: bf7c407c2cedff20999df2af8eb42d56 -> 
  custom:framework-win-MediaFoundation: 216162199b28c13a410421893ffa2e32 -> 
  custom:container-demuxer-ogg: 62fdf1f143b41e24485cea50d1cbac27 -> 
  custom:video-decoder-webm-vp8: 9c59270c3fd7afecdb556c50c9e8de78 -> 
  custom:audio-decoder-ogg-vorbis: bf7c407c2cedff20999df2af8eb42d56 -> 
========================================================================
Received Import Request.
  Time since last request: 321.028418 seconds.
  path: Assets/SimpleNaturePack/Models/Bush_01.fbx
  artifactKey: Guid(d8ea93d2d4757e444a5349f4bc849128) Importer(815301076,1909f56bfc062723c751e8b465ee728b)
Start importing Assets/SimpleNaturePack/Models/Bush_01.fbx using Guid(d8ea93d2d4757e444a5349f4bc849128) Importer(815301076,1909f56bfc062723c751e8b465ee728b)  -> (artifact id: 'e477b97fa5b840339b5729fc7ac27743') in 0.079092 seconds 
========================================================================
Received Import Request.
  Time since last request: 0.000015 seconds.
  path: Assets/SimpleNaturePack/Models/Rock_02.fbx
  artifactKey: Guid(3a775dc2c1a334b45a5667a56fe92c23) Importer(815301076,1909f56bfc062723c751e8b465ee728b)
Start importing Assets/SimpleNaturePack/Models/Rock_02.fbx using Guid(3a775dc2c1a334b45a5667a56fe92c23) Importer(815301076,1909f56bfc062723c751e8b465ee728b)  -> (artifact id: 'd2b39bd8c65ce1d197d33aeeb93413e0') in 0.013379 seconds 
========================================================================
Received Import Request.
  Time since last request: 0.000020 seconds.
  path: Assets/SimpleNaturePack/Models/Tree_03.fbx
  artifactKey: Guid(69f0af3a0a6c73b4ab4b89eb82cdc488) Importer(815301076,1909f56bfc062723c751e8b465ee728b)
Start importing Assets/SimpleNaturePack/Models/Tree_03.fbx using Guid(69f0af3a0a6c73b4ab4b89eb82cdc488) Importer(815301076,1909f56bfc062723c751e8b465ee728b)  -> (artifact id: '97f0f87cabc27936fe8dc471c521a6db') in 0.015096 seconds 
========================================================================
Received Import Request.
  Time since last request: 0.000017 seconds.
  path: Assets/SimpleNaturePack/Models/Rock_01.fbx
  artifactKey: Guid(e9089b1db16b58f4282a94e020b9c0e8) Importer(815301076,1909f56bfc062723c751e8b465ee728b)
Start importing Assets/SimpleNaturePack/Models/Rock_01.fbx using Guid(e9089b1db16b58f4282a94e020b9c0e8) Importer(815301076,1909f56bfc062723c751e8b465ee728b)  -> (artifact id: 'cda01f0d0312d8d192fcc286e3901db8') in 0.012996 seconds 
========================================================================
Received Import Request.
  Time since last request: 0.000020 seconds.
  path: Assets/SimpleNaturePack/Models/Grass_01.fbx
  artifactKey: Guid(ad3119cbd6dce024e8460ef32dec49df) Importer(815301076,1909f56bfc062723c751e8b465ee728b)
Start importing Assets/SimpleNaturePack/Models/Grass_01.fbx using Guid(ad3119cbd6dce024e8460ef32dec49df) Importer(815301076,1909f56bfc062723c751e8b465ee728b)  -> (artifact id: '2addce543414de5895f170acc77d8856') in 0.014550 seconds 
========================================================================
Received Import Request.
  Time since last request: 0.000015 seconds.
  path: Assets/SimpleNaturePack/Models/Mushroom_01.fbx
  artifactKey: Guid(d062f5c56ffb55c4f832432ada269abe) Importer(815301076,1909f56bfc062723c751e8b465ee728b)
Start importing Assets/SimpleNaturePack/Models/Mushroom_01.fbx using Guid(d062f5c56ffb55c4f832432ada269abe) Importer(815301076,1909f56bfc062723c751e8b465ee728b)  -> (artifact id: 'bcd12bdfdd33c216860350a36aad239f') in 0.012796 seconds 
========================================================================
Received Import Request.
  Time since last request: 0.000018 seconds.
  path: Assets/SimpleNaturePack/Models/Ground_02.fbx
  artifactKey: Guid(57d3eed6d2253d24994d5ad37e00aedc) Importer(815301076,1909f56bfc062723c751e8b465ee728b)
Start importing Assets/SimpleNaturePack/Models/Ground_02.fbx using Guid(57d3eed6d2253d24994d5ad37e00aedc) Importer(815301076,1909f56bfc062723c751e8b465ee728b)  -> (artifact id: '98052fbf3a9773c5664d1507af1473c4') in 0.013131 seconds 
========================================================================
Received Import Request.
  Time since last request: 0.000018 seconds.
  path: Assets/SimpleNaturePack/Models/Ground_03.fbx
  artifactKey: Guid(661464e19c087564badb2bf5230c842c) Importer(815301076,1909f56bfc062723c751e8b465ee728b)
Start importing Assets/SimpleNaturePack/Models/Ground_03.fbx using Guid(661464e19c087564badb2bf5230c842c) Importer(815301076,1909f56bfc062723c751e8b465ee728b)  -> (artifact id: 'b377bd330b622992166f892666f729ae') in 0.014526 seconds 
========================================================================
Received Import Request.
  Time since last request: 0.000014 seconds.
  path: Assets/SimpleNaturePack/Models/Grass_02.fbx
  artifactKey: Guid(638dc165572d2a84081d13ce1afb4d52) Importer(815301076,1909f56bfc062723c751e8b465ee728b)
Start importing Assets/SimpleNaturePack/Models/Grass_02.fbx using Guid(638dc165572d2a84081d13ce1afb4d52) Importer(815301076,1909f56bfc062723c751e8b465ee728b)  -> (artifact id: '578a6cce5efb691c618c489c036d4ab8') in 0.014699 seconds 
========================================================================
Received Import Request.
  Time since last request: 37.045375 seconds.
  path: Assets/SimpleNaturePack/Materials/SimpleNaturePack_Texture_01.mat
  artifactKey: Guid(93caadf4359ae8143aad35b3145d31af) Importer(815301076,1909f56bfc062723c751e8b465ee728b)
Start importing Assets/SimpleNaturePack/Materials/SimpleNaturePack_Texture_01.mat using Guid(93caadf4359ae8143aad35b3145d31af) Importer(815301076,1909f56bfc062723c751e8b465ee728b)  -> (artifact id: 'a3db49d271de34cea41e26edbdd3911f') in 0.020561 seconds 
========================================================================
Received Prepare
Registering precompiled user dll's ...
Registered in 0.001557 seconds.
Begin MonoManager ReloadAssembly
Native extension for WindowsStandalone target not found
Native extension for WebGL target not found
Refreshing native plugins compatible for Editor in 0.52 ms, found 2 plugins.
Preloading 0 native plugins for Editor in 0.00 ms.
Mono: successfully reloaded assembly
- Completed reload, in  0.825 seconds
Domain Reload Profiling:
	ReloadAssembly (826ms)
		BeginReloadAssembly (103ms)
			ExecutionOrderSort (0ms)
			DisableScriptedObjects (5ms)
			BackupInstance (0ms)
			ReleaseScriptingObjects (0ms)
			CreateAndSetChildDomain (27ms)
		EndReloadAssembly (642ms)
			LoadAssemblies (57ms)
			RebuildTransferFunctionScriptingTraits (0ms)
			SetupTypeCache (149ms)
			ReleaseScriptCaches (1ms)
			RebuildScriptCaches (40ms)
			SetupLoadedEditorAssemblies (355ms)
				LogAssemblyErrors (0ms)
				InitializePlatformSupportModulesInManaged (12ms)
				SetLoadedEditorAssemblies (0ms)
				RefreshPlugins (1ms)
				BeforeProcessingInitializeOnLoad (53ms)
				ProcessInitializeOnLoadAttributes (167ms)
				ProcessInitializeOnLoadMethodAttributes (116ms)
				AfterProcessingInitializeOnLoad (6ms)
				EditorAssembliesLoaded (0ms)
			ExecutionOrderSort2 (0ms)
			AwakeInstancesAfterBackupRestoration (6ms)
Platform modules already initialized, skipping
Refreshing native plugins compatible for Editor in 2.38 ms, found 2 plugins.
Preloading 0 native plugins for Editor in 0.00 ms.
Unloading 2158 Unused Serialized files (Serialized files now loaded: 0)
Unloading 44 unused Assets / (32.8 KB). Loaded Objects now: 2663.
Memory consumption went from 90.4 MB to 90.4 MB.
Total: 4.901800 ms (FindLiveObjects: 0.279800 ms CreateObjectMapping: 0.070500 ms MarkObjects: 4.525000 ms  DeleteObjects: 0.024100 ms)

AssetImportParameters requested are different than current active one (requested -> active):
  custom:video-decoder-ogg-theora: a1e56fd34408186e4bbccfd4996cb3dc -> 
  custom:container-muxer-webm: aa71ff27fc2769a1b78a27578f13a17b -> 
  custom:container-demuxer-webm: 4f35f7cbe854078d1ac9338744f61a02 -> 
  custom:video-encoder-webm-vp8: eb34c28f22e8b96e1ab97ce403110664 -> 
  custom:video-codec-MediaFoundation-h265: 746d11721c4dcdbdad8f713fa42b33f4 -> 
  custom:audio-encoder-webm-vorbis: bf7c407c2cedff20999df2af8eb42d56 -> 
  custom:framework-win-MediaFoundation: 216162199b28c13a410421893ffa2e32 -> 
  custom:container-demuxer-ogg: 62fdf1f143b41e24485cea50d1cbac27 -> 
  custom:video-decoder-webm-vp8: 9c59270c3fd7afecdb556c50c9e8de78 -> 
  custom:audio-decoder-ogg-vorbis: bf7c407c2cedff20999df2af8eb42d56 -> 
========================================================================
Received Prepare
Registering precompiled user dll's ...
Registered in 0.001607 seconds.
Begin MonoManager ReloadAssembly
Native extension for WindowsStandalone target not found
Native extension for WebGL target not found
Refreshing native plugins compatible for Editor in 0.54 ms, found 2 plugins.
Preloading 0 native plugins for Editor in 0.00 ms.
Mono: successfully reloaded assembly
- Completed reload, in  0.829 seconds
Domain Reload Profiling:
	ReloadAssembly (830ms)
		BeginReloadAssembly (106ms)
			ExecutionOrderSort (0ms)
			DisableScriptedObjects (6ms)
			BackupInstance (0ms)
			ReleaseScriptingObjects (0ms)
			CreateAndSetChildDomain (26ms)
		EndReloadAssembly (646ms)
			LoadAssemblies (58ms)
			RebuildTransferFunctionScriptingTraits (0ms)
			SetupTypeCache (159ms)
			ReleaseScriptCaches (1ms)
			RebuildScriptCaches (42ms)
			SetupLoadedEditorAssemblies (351ms)
				LogAssemblyErrors (0ms)
				InitializePlatformSupportModulesInManaged (12ms)
				SetLoadedEditorAssemblies (0ms)
				RefreshPlugins (1ms)
				BeforeProcessingInitializeOnLoad (53ms)
				ProcessInitializeOnLoadAttributes (170ms)
				ProcessInitializeOnLoadMethodAttributes (109ms)
				AfterProcessingInitializeOnLoad (7ms)
				EditorAssembliesLoaded (0ms)
			ExecutionOrderSort2 (0ms)
			AwakeInstancesAfterBackupRestoration (6ms)
Platform modules already initialized, skipping
Refreshing native plugins compatible for Editor in 2.25 ms, found 2 plugins.
Preloading 0 native plugins for Editor in 0.00 ms.
Unloading 2158 Unused Serialized files (Serialized files now loaded: 0)
Unloading 44 unused Assets / (32.8 KB). Loaded Objects now: 2665.
Memory consumption went from 90.4 MB to 90.4 MB.
Total: 5.148000 ms (FindLiveObjects: 0.159400 ms CreateObjectMapping: 0.071500 ms MarkObjects: 4.887600 ms  DeleteObjects: 0.028600 ms)

AssetImportParameters requested are different than current active one (requested -> active):
  custom:video-decoder-ogg-theora: a1e56fd34408186e4bbccfd4996cb3dc -> 
  custom:container-muxer-webm: aa71ff27fc2769a1b78a27578f13a17b -> 
  custom:container-demuxer-webm: 4f35f7cbe854078d1ac9338744f61a02 -> 
  custom:video-encoder-webm-vp8: eb34c28f22e8b96e1ab97ce403110664 -> 
  custom:video-codec-MediaFoundation-h265: 746d11721c4dcdbdad8f713fa42b33f4 -> 
  custom:audio-encoder-webm-vorbis: bf7c407c2cedff20999df2af8eb42d56 -> 
  custom:framework-win-MediaFoundation: 216162199b28c13a410421893ffa2e32 -> 
  custom:container-demuxer-ogg: 62fdf1f143b41e24485cea50d1cbac27 -> 
  custom:video-decoder-webm-vp8: 9c59270c3fd7afecdb556c50c9e8de78 -> 
  custom:audio-decoder-ogg-vorbis: bf7c407c2cedff20999df2af8eb42d56 -> 
========================================================================
Received Import Request.
  Time since last request: 966.130683 seconds.
  path: Assets/Free Stylized Skybox/Panoramic/Textures/Sky_Anime_03_Day_a.png
  artifactKey: Guid(f533b109bd941ea44b93a29274d4eef9) Importer(815301076,1909f56bfc062723c751e8b465ee728b)
Start importing Assets/Free Stylized Skybox/Panoramic/Textures/Sky_Anime_03_Day_a.png using Guid(f533b109bd941ea44b93a29274d4eef9) Importer(815301076,1909f56bfc062723c751e8b465ee728b)  -> (artifact id: '1ffc9a96001a8e8c90cedc96f5bc0d0e') in 0.134456 seconds 
========================================================================
Received Import Request.
  Time since last request: 0.000019 seconds.
  path: Assets/Free Stylized Skybox/CubeMap/Textures/Sky_Anime_18_day_a.png
  artifactKey: Guid(b15764350a2285e49a165af927da5da5) Importer(815301076,1909f56bfc062723c751e8b465ee728b)
Start importing Assets/Free Stylized Skybox/CubeMap/Textures/Sky_Anime_18_day_a.png using Guid(b15764350a2285e49a165af927da5da5) Importer(815301076,1909f56bfc062723c751e8b465ee728b)  -> (artifact id: 'da7205f0ece9783ad263b43539f4b5bc') in 0.234774 seconds 
========================================================================
Received Import Request.
  Time since last request: 0.000026 seconds.
  path: Assets/Free Stylized Skybox/Panoramic/Textures/Sky_Anime_18_day_a.png
  artifactKey: Guid(79d597b1e21ad6f43a22cf1308281022) Importer(815301076,1909f56bfc062723c751e8b465ee728b)
Start importing Assets/Free Stylized Skybox/Panoramic/Textures/Sky_Anime_18_day_a.png using Guid(79d597b1e21ad6f43a22cf1308281022) Importer(815301076,1909f56bfc062723c751e8b465ee728b)  -> (artifact id: '9365310477a8cd8a2b7475e9d914f7d0') in 0.064957 seconds 
========================================================================
Received Import Request.
  Time since last request: 0.000028 seconds.
  path: Assets/Stylized Grass Texture/Textures/Vol_42_1_Ambient_Occlusion.png
  artifactKey: Guid(33ba5140ff8350742a9be1b79eeefd82) Importer(815301076,1909f56bfc062723c751e8b465ee728b)
Start importing Assets/Stylized Grass Texture/Textures/Vol_42_1_Ambient_Occlusion.png using Guid(33ba5140ff8350742a9be1b79eeefd82) Importer(815301076,1909f56bfc062723c751e8b465ee728b)  -> (artifact id: '73102048e7a01cd8be0ba50c5f3ab2ec') in 0.015019 seconds 
========================================================================
Received Import Request.
  Time since last request: 0.000021 seconds.
  path: Assets/Free Stylized Skybox/CubeMap/Textures/Sky_Anime_15_Day_a.png
  artifactKey: Guid(fca5a57d63136f6428a1d31d1ab2c777) Importer(815301076,1909f56bfc062723c751e8b465ee728b)
Start importing Assets/Free Stylized Skybox/CubeMap/Textures/Sky_Anime_15_Day_a.png using Guid(fca5a57d63136f6428a1d31d1ab2c777) Importer(815301076,1909f56bfc062723c751e8b465ee728b)  -> (artifact id: 'a356640ec18ba922cdb45b95a09a0dc2') in 0.105372 seconds 
========================================================================
Received Import Request.
  Time since last request: 0.000046 seconds.
  path: Assets/Free Stylized Skybox/Panoramic/Textures/Sky_LowPoly_02_Night_a.png
  artifactKey: Guid(db7650dac9116b24f9ce64ccac6b74f8) Importer(815301076,1909f56bfc062723c751e8b465ee728b)
Start importing Assets/Free Stylized Skybox/Panoramic/Textures/Sky_LowPoly_02_Night_a.png using Guid(db7650dac9116b24f9ce64ccac6b74f8) Importer(815301076,1909f56bfc062723c751e8b465ee728b)  -> (artifact id: '77196f3da36aabdcbb9f5aa8eb3df5b0') in 0.083973 seconds 
========================================================================
Received Import Request.
  Time since last request: 0.000023 seconds.
  path: Assets/Free Stylized Skybox/Panoramic/Textures/Sky_Anime_11_morning_a.png
  artifactKey: Guid(7aec8516610b2ff4abcdda8106713279) Importer(815301076,1909f56bfc062723c751e8b465ee728b)
Start importing Assets/Free Stylized Skybox/Panoramic/Textures/Sky_Anime_11_morning_a.png using Guid(7aec8516610b2ff4abcdda8106713279) Importer(815301076,1909f56bfc062723c751e8b465ee728b)  -> (artifact id: '7be9a6c00244c8acf85e1dbf27f24570') in 0.092235 seconds 
========================================================================
Received Import Request.
  Time since last request: 64.332328 seconds.
  path: Assets/SimpleNaturePack/Textures/NewBrush.brush
  artifactKey: Guid(3a44c8b583dd1654ab9c8a153736d68c) Importer(815301076,1909f56bfc062723c751e8b465ee728b)
Start importing Assets/SimpleNaturePack/Textures/NewBrush.brush using Guid(3a44c8b583dd1654ab9c8a153736d68c) Importer(815301076,1909f56bfc062723c751e8b465ee728b)  -> (artifact id: 'ded2b8212f2eb087251c4bfc5a40d1f3') in 0.017820 seconds 
========================================================================
Received Import Request.
  Time since last request: 3.649943 seconds.
  path: Assets/SimpleNaturePack/Textures/NewBrush 1.brush
  artifactKey: Guid(2c36249dac78d0549991adcf2b0f8371) Importer(815301076,1909f56bfc062723c751e8b465ee728b)
Start importing Assets/SimpleNaturePack/Textures/NewBrush 1.brush using Guid(2c36249dac78d0549991adcf2b0f8371) Importer(815301076,1909f56bfc062723c751e8b465ee728b)  -> (artifact id: 'ffff7e8c5477eaa09cd2c26709f8dd29') in 0.009543 seconds 
========================================================================
Received Import Request.
  Time since last request: 51.423570 seconds.
  path: Assets/SimpleNaturePack/Materials/New Physic Material.physicMaterial
  artifactKey: Guid(85c686a61817ea84097a913c0a0285e0) Importer(815301076,1909f56bfc062723c751e8b465ee728b)
Start importing Assets/SimpleNaturePack/Materials/New Physic Material.physicMaterial using Guid(85c686a61817ea84097a913c0a0285e0) Importer(815301076,1909f56bfc062723c751e8b465ee728b)  -> (artifact id: '923c0658209b8c3b6b20ee66c56c4227') in 0.006334 seconds 
========================================================================
Received Import Request.
  Time since last request: 82.669757 seconds.
  path: Assets/SimpleNaturePack/Prefabs
  artifactKey: Guid(245080b10b3a2d542a041d0b8f4fe0dc) Importer(815301076,1909f56bfc062723c751e8b465ee728b)
Start importing Assets/SimpleNaturePack/Prefabs using Guid(245080b10b3a2d542a041d0b8f4fe0dc) Importer(815301076,1909f56bfc062723c751e8b465ee728b)  -> (artifact id: 'd6a42777bd4a35cf740560b4712c96d8') in 0.004218 seconds 
========================================================================
Received Import Request.
  Time since last request: 0.055914 seconds.
  path: Assets/SimpleNaturePack/Prefabs/Branch_01.prefab
  artifactKey: Guid(b9de24523a11d714db3851b5f0f9d527) Importer(815301076,1909f56bfc062723c751e8b465ee728b)
Start importing Assets/SimpleNaturePack/Prefabs/Branch_01.prefab using Guid(b9de24523a11d714db3851b5f0f9d527) Importer(815301076,1909f56bfc062723c751e8b465ee728b)  -> (artifact id: 'b2f573f1e4fc0e98f8cceae79a751a7c') in 0.036623 seconds 
========================================================================
Received Import Request.
  Time since last request: 0.000015 seconds.
  path: Assets/SimpleNaturePack/Prefabs/Rock_02.prefab
  artifactKey: Guid(cebfacc247a640945a2c30b442202fca) Importer(815301076,1909f56bfc062723c751e8b465ee728b)
Start importing Assets/SimpleNaturePack/Prefabs/Rock_02.prefab using Guid(cebfacc247a640945a2c30b442202fca) Importer(815301076,1909f56bfc062723c751e8b465ee728b)  -> (artifact id: 'd5f9714ec07d6293cb2694708f544660') in 0.010086 seconds 
========================================================================
Received Import Request.
  Time since last request: 0.000018 seconds.
  path: Assets/SimpleNaturePack/Prefabs/Tree_01.prefab
  artifactKey: Guid(88f2fd29f58b9734683512546acec310) Importer(815301076,1909f56bfc062723c751e8b465ee728b)
Start importing Assets/SimpleNaturePack/Prefabs/Tree_01.prefab using Guid(88f2fd29f58b9734683512546acec310) Importer(815301076,1909f56bfc062723c751e8b465ee728b)  -> (artifact id: '41d1f53f6bb97689113c217e554e940f') in 0.010808 seconds 
========================================================================
Received Import Request.
  Time since last request: 0.000013 seconds.
  path: Assets/SimpleNaturePack/Prefabs/Mushroom_01.prefab
  artifactKey: Guid(ff62b58c5a9ea164fa8ddf8038e10cd1) Importer(815301076,1909f56bfc062723c751e8b465ee728b)
Start importing Assets/SimpleNaturePack/Prefabs/Mushroom_01.prefab using Guid(ff62b58c5a9ea164fa8ddf8038e10cd1) Importer(815301076,1909f56bfc062723c751e8b465ee728b)  -> (artifact id: 'f9420e9472e9459dd0f5e9113cf16239') in 0.009700 seconds 
========================================================================
Received Import Request.
  Time since last request: 0.000017 seconds.
  path: Assets/SimpleNaturePack/Prefabs/Mushroom_02.prefab
  artifactKey: Guid(494f6d43e170e9145bc7865d243ee00b) Importer(815301076,1909f56bfc062723c751e8b465ee728b)
Start importing Assets/SimpleNaturePack/Prefabs/Mushroom_02.prefab using Guid(494f6d43e170e9145bc7865d243ee00b) Importer(815301076,1909f56bfc062723c751e8b465ee728b)  -> (artifact id: '08dd508637883134886e8ee953544178') in 0.010510 seconds 
========================================================================
Received Import Request.
  Time since last request: 0.000018 seconds.
  path: Assets/SimpleNaturePack/Prefabs/Grass_02.prefab
  artifactKey: Guid(ffbddc4ef9676cc419e81e06aaa836d8) Importer(815301076,1909f56bfc062723c751e8b465ee728b)
Start importing Assets/SimpleNaturePack/Prefabs/Grass_02.prefab using Guid(ffbddc4ef9676cc419e81e06aaa836d8) Importer(815301076,1909f56bfc062723c751e8b465ee728b)  -> (artifact id: '44dc0bb1fd7a6b469490d3c5f4ffee38') in 0.010526 seconds 
========================================================================
Received Import Request.
  Time since last request: 0.000019 seconds.
  path: Assets/SimpleNaturePack/Prefabs/Rock_03.prefab
  artifactKey: Guid(0fde05fa0f3321942a21896ff4f0856f) Importer(815301076,1909f56bfc062723c751e8b465ee728b)
Start importing Assets/SimpleNaturePack/Prefabs/Rock_03.prefab using Guid(0fde05fa0f3321942a21896ff4f0856f) Importer(815301076,1909f56bfc062723c751e8b465ee728b)  -> (artifact id: 'b5defdea4aaf43e12bfdf531eca92d4f') in 0.009651 seconds 
========================================================================
Received Import Request.
  Time since last request: 0.000016 seconds.
  path: Assets/SimpleNaturePack/Prefabs/Tree_03.prefab
  artifactKey: Guid(c60edd51c065ceb46b345849a03bc106) Importer(815301076,1909f56bfc062723c751e8b465ee728b)
Start importing Assets/SimpleNaturePack/Prefabs/Tree_03.prefab using Guid(c60edd51c065ceb46b345849a03bc106) Importer(815301076,1909f56bfc062723c751e8b465ee728b)  -> (artifact id: 'e2e46555813cf5e6c0f2b2585c4ddcc9') in 0.013538 seconds 
========================================================================
Received Import Request.
  Time since last request: 0.000021 seconds.
  path: Assets/SimpleNaturePack/Prefabs/Rock_04.prefab
  artifactKey: Guid(f02116c209ecd9e488fc4d2cd8996133) Importer(815301076,1909f56bfc062723c751e8b465ee728b)
Start importing Assets/SimpleNaturePack/Prefabs/Rock_04.prefab using Guid(f02116c209ecd9e488fc4d2cd8996133) Importer(815301076,1909f56bfc062723c751e8b465ee728b)  -> (artifact id: '790c8fa6d177782abd8b5979e2b7bd91') in 0.011853 seconds 
========================================================================
Received Import Request.
  Time since last request: 0.000016 seconds.
  path: Assets/SimpleNaturePack/Prefabs/Ground_03.prefab
  artifactKey: Guid(3f9b178ccd3b86f4ebbfc1f5a2815e56) Importer(815301076,1909f56bfc062723c751e8b465ee728b)
Start importing Assets/SimpleNaturePack/Prefabs/Ground_03.prefab using Guid(3f9b178ccd3b86f4ebbfc1f5a2815e56) Importer(815301076,1909f56bfc062723c751e8b465ee728b)  -> (artifact id: '26473cb6260eb1301e1756c2e525993b') in 0.011921 seconds 
========================================================================
Received Import Request.
  Time since last request: 0.000014 seconds.
  path: Assets/SimpleNaturePack/Prefabs/Tree_02.prefab
  artifactKey: Guid(e289bf5debb17f6459818c207d781953) Importer(815301076,1909f56bfc062723c751e8b465ee728b)
Start importing Assets/SimpleNaturePack/Prefabs/Tree_02.prefab using Guid(e289bf5debb17f6459818c207d781953) Importer(815301076,1909f56bfc062723c751e8b465ee728b)  -> (artifact id: '200cb16897977298571fbd5daa24b1ec') in 0.010724 seconds 
========================================================================
Received Import Request.
  Time since last request: 0.000019 seconds.
  path: Assets/SimpleNaturePack/Prefabs/Bush_02.prefab
  artifactKey: Guid(b71b0f8d2f881c743a85228f3030d1cb) Importer(815301076,1909f56bfc062723c751e8b465ee728b)
Start importing Assets/SimpleNaturePack/Prefabs/Bush_02.prefab using Guid(b71b0f8d2f881c743a85228f3030d1cb) Importer(815301076,1909f56bfc062723c751e8b465ee728b)  -> (artifact id: '3ee150a35bc0efa232e883119a2b9c88') in 0.010494 seconds 
========================================================================
Received Prepare
Registering precompiled user dll's ...
Registered in 0.001726 seconds.
Begin MonoManager ReloadAssembly
Native extension for WindowsStandalone target not found
Native extension for WebGL target not found
Refreshing native plugins compatible for Editor in 0.54 ms, found 2 plugins.
Preloading 0 native plugins for Editor in 0.00 ms.
Mono: successfully reloaded assembly
- Completed reload, in  0.895 seconds
Domain Reload Profiling:
	ReloadAssembly (895ms)
		BeginReloadAssembly (118ms)
			ExecutionOrderSort (0ms)
			DisableScriptedObjects (6ms)
			BackupInstance (0ms)
			ReleaseScriptingObjects (0ms)
			CreateAndSetChildDomain (35ms)
		EndReloadAssembly (690ms)
			LoadAssemblies (59ms)
			RebuildTransferFunctionScriptingTraits (0ms)
			SetupTypeCache (164ms)
			ReleaseScriptCaches (1ms)
			RebuildScriptCaches (43ms)
			SetupLoadedEditorAssemblies (388ms)
				LogAssemblyErrors (0ms)
				InitializePlatformSupportModulesInManaged (11ms)
				SetLoadedEditorAssemblies (0ms)
				RefreshPlugins (1ms)
				BeforeProcessingInitializeOnLoad (49ms)
				ProcessInitializeOnLoadAttributes (185ms)
				ProcessInitializeOnLoadMethodAttributes (135ms)
				AfterProcessingInitializeOnLoad (6ms)
				EditorAssembliesLoaded (0ms)
			ExecutionOrderSort2 (0ms)
			AwakeInstancesAfterBackupRestoration (6ms)
Platform modules already initialized, skipping
Refreshing native plugins compatible for Editor in 2.28 ms, found 2 plugins.
Preloading 0 native plugins for Editor in 0.00 ms.
Unloading 2158 Unused Serialized files (Serialized files now loaded: 0)
Unloading 44 unused Assets / (32.9 KB). Loaded Objects now: 2674.
Memory consumption went from 90.6 MB to 90.6 MB.
Total: 4.665900 ms (FindLiveObjects: 0.160400 ms CreateObjectMapping: 0.063100 ms MarkObjects: 4.419800 ms  DeleteObjects: 0.021400 ms)

AssetImportParameters requested are different than current active one (requested -> active):
  custom:video-decoder-ogg-theora: a1e56fd34408186e4bbccfd4996cb3dc -> 
  custom:container-muxer-webm: aa71ff27fc2769a1b78a27578f13a17b -> 
  custom:container-demuxer-webm: 4f35f7cbe854078d1ac9338744f61a02 -> 
  custom:video-encoder-webm-vp8: eb34c28f22e8b96e1ab97ce403110664 -> 
  custom:video-codec-MediaFoundation-h265: 746d11721c4dcdbdad8f713fa42b33f4 -> 
  custom:audio-encoder-webm-vorbis: bf7c407c2cedff20999df2af8eb42d56 -> 
  custom:framework-win-MediaFoundation: 216162199b28c13a410421893ffa2e32 -> 
  custom:container-demuxer-ogg: 62fdf1f143b41e24485cea50d1cbac27 -> 
  custom:video-decoder-webm-vp8: 9c59270c3fd7afecdb556c50c9e8de78 -> 
  custom:audio-decoder-ogg-vorbis: bf7c407c2cedff20999df2af8eb42d56 -> 
Editor requested this worker to shutdown with reason: Scaling down because of idle timeout
AssetImportWorker is now disconnected from the server
Process exiting
Exiting without the bug reporter. Application will terminate with return code 0